#
# There is insufficient memory for the Java Runtime Environment to continue.
# Native memory allocation (malloc) failed to allocate 644096 bytes for Chunk::new
# Possible reasons:
#   The system is out of physical RAM or swap space
#   The process is running with CompressedOops enabled, and the Java Heap may be blocking the growth of the native heap
# Possible solutions:
#   Reduce memory load on the system
#   Increase physical memory or swap space
#   Check if swap backing store is full
#   Decrease Java heap size (-Xmx/-Xms)
#   Decrease number of Java threads
#   Decrease Java thread stack sizes (-Xss)
#   Set larger code cache with -XX:ReservedCodeCacheSize=
#   JVM is running with Unscaled Compressed Oops mode in which the Java heap is
#     placed in the first 4GB address space. The Java Heap base address is the
#     maximum limit for the native heap growth. Please use -XX:HeapBaseMinAddress
#     to set the Java Heap base and to place the Java Heap above 4GB virtual address.
# This output file may be truncated or incomplete.
#
#  Out of Memory Error (allocation.cpp:389), pid=8444, tid=0x0000000000002ac8
#
# JRE version: OpenJDK Runtime Environment (8.0_202-b03) (build 1.8.0_202-release-1483-b03)
# Java VM: OpenJDK 64-Bit Server VM (25.202-b03 mixed mode windows-amd64 compressed oops)
# Failed to write core dump. Minidumps are not enabled by default on client versions of Windows
#

---------------  T H R E A D  ---------------

Current thread (0x000000001624f000):  JavaThread "C2 CompilerThread0" daemon [_thread_in_native, id=10952, stack(0x00000000178a0000,0x00000000179a0000)]

Stack: [0x00000000178a0000,0x00000000179a0000]
[error occurred during error reporting (printing stack bounds), id 0xc0000005]

Native frames: (J=compiled Java code, j=interpreted, Vv=VM code, C=native code)


Current CompileTask:
C2:  14897 3887   !   4       java.util.jar.Attributes::read (380 bytes)


---------------  P R O C E S S  ---------------

Java Threads: ( => current thread )
  0x000000001d289800 JavaThread "Cache worker for Build Output Cleanup Cache (C:\Users\Matthew Greenhill\Desktop\newMusicPlayer - 1_2_14_15\newMusicPlayer\.gradle\buildOutputCleanup)" [_thread_blocked, id=11220, stack(0x0000000021fb0000,0x00000000220b0000)]
  0x000000001d288000 JavaThread "Build operations Thread 4" [_thread_blocked, id=5736, stack(0x0000000020820000,0x0000000020920000)]
  0x000000001d28c000 JavaThread "Build operations Thread 3" [_thread_blocked, id=8964, stack(0x0000000020720000,0x0000000020820000)]
  0x000000001d28e000 JavaThread "Build operations Thread 2" [_thread_blocked, id=10640, stack(0x0000000020620000,0x0000000020720000)]
  0x000000001d28b000 JavaThread "Build operations" [_thread_blocked, id=8924, stack(0x0000000020520000,0x0000000020620000)]
  0x000000001d28c800 JavaThread "Cache worker for execution history cache (C:\Users\Matthew Greenhill\.gradle\caches\5.4.1\executionHistory)" [_thread_blocked, id=2120, stack(0x000000001fe20000,0x000000001ff20000)]
  0x000000001d28a800 JavaThread "Cache worker for cache directory md-rule (C:\Users\Matthew Greenhill\.gradle\caches\5.4.1\md-rule)" [_thread_blocked, id=10900, stack(0x000000001fd20000,0x000000001fe20000)]
  0x0000000018ee9800 JavaThread "Cache worker for cache directory md-supplier (C:\Users\Matthew Greenhill\.gradle\caches\5.4.1\md-supplier)" [_thread_blocked, id=8240, stack(0x000000001fc20000,0x000000001fd20000)]
  0x0000000018ee8000 JavaThread "Cache worker for file hash cache (C:\Users\Matthew Greenhill\Desktop\newMusicPlayer - 1_2_14_15\newMusicPlayer\.gradle\5.4.1\fileHashes)" [_thread_blocked, id=5080, stack(0x000000001e060000,0x000000001e160000)]
  0x0000000018eea000 JavaThread "Cache worker for journal cache (C:\Users\Matthew Greenhill\.gradle\caches\journal-1)" [_thread_blocked, id=2084, stack(0x000000001bfc0000,0x000000001c0c0000)]
  0x0000000018eeb800 JavaThread "File lock request listener" [_thread_in_native, id=2076, stack(0x000000001bcc0000,0x000000001bdc0000)]
  0x0000000018eeb000 JavaThread "Cache worker for file hash cache (C:\Users\Matthew Greenhill\.gradle\caches\5.4.1\fileHashes)" [_thread_blocked, id=9492, stack(0x000000001bbc0000,0x000000001bcc0000)]
  0x0000000018fcb800 JavaThread "Thread-9" [_thread_blocked, id=10688, stack(0x000000001bac0000,0x000000001bbc0000)]
  0x00000000195ef000 JavaThread "Stdin handler" [_thread_blocked, id=1568, stack(0x000000001b9c0000,0x000000001bac0000)]
  0x0000000019334800 JavaThread "Asynchronous log dispatcher for DefaultDaemonConnection: socket connection from /127.0.0.1:60401 to /127.0.0.1:60402" [_thread_blocked, id=7144, stack(0x000000001b8c0000,0x000000001b9c0000)]
  0x000000001984c800 JavaThread "Daemon worker" [_thread_in_Java, id=7544, stack(0x000000001b7c0000,0x000000001b8c0000)]
  0x000000001984b800 JavaThread "Cancel handler" [_thread_blocked, id=6644, stack(0x000000001b6c0000,0x000000001b7c0000)]
  0x00000000195de000 JavaThread "Handler for socket connection from /127.0.0.1:60401 to /127.0.0.1:60402" [_thread_in_native, id=6968, stack(0x000000001b3c0000,0x000000001b4c0000)]
  0x00000000195db000 JavaThread "Daemon" [_thread_blocked, id=7132, stack(0x000000001b2c0000,0x000000001b3c0000)]
  0x0000000018f38000 JavaThread "Daemon periodic checks" [_thread_blocked, id=11200, stack(0x000000001b1c0000,0x000000001b2c0000)]
  0x0000000019130000 JavaThread "Incoming local TCP Connector on port 60401" [_thread_in_native, id=9596, stack(0x000000001af80000,0x000000001b080000)]
  0x0000000019c9e000 JavaThread "Daemon health stats" [_thread_blocked, id=6336, stack(0x000000001a940000,0x000000001aa40000)]
  0x0000000017bc8800 JavaThread "Service Thread" daemon [_thread_blocked, id=2744, stack(0x0000000017fa0000,0x00000000180a0000)]
  0x0000000016260800 JavaThread "C1 CompilerThread2" daemon [_thread_blocked, id=4016, stack(0x0000000017aa0000,0x0000000017ba0000)]
  0x0000000016252800 JavaThread "C2 CompilerThread1" daemon [_thread_in_native, id=6232, stack(0x00000000179a0000,0x0000000017aa0000)]
=>0x000000001624f000 JavaThread "C2 CompilerThread0" daemon [_thread_in_native, id=10952, stack(0x00000000178a0000,0x00000000179a0000)]
  0x000000001624b800 JavaThread "Attach Listener" daemon [_thread_blocked, id=8820, stack(0x00000000177a0000,0x00000000178a0000)]
  0x000000001624a800 JavaThread "Signal Dispatcher" daemon [_thread_blocked, id=2396, stack(0x00000000176a0000,0x00000000177a0000)]
  0x000000000287b800 JavaThread "Finalizer" daemon [_thread_blocked, id=6436, stack(0x00000000174a0000,0x00000000175a0000)]
  0x0000000016239000 JavaThread "Reference Handler" daemon [_thread_blocked, id=11108, stack(0x00000000173a0000,0x00000000174a0000)]
  0x00000000028be000 JavaThread "main" [_thread_blocked, id=5456, stack(0x0000000000eb0000,0x0000000000fb0000)]

Other Threads:
  0x0000000016217000 VMThread [stack: 0x00000000172a0000,0x00000000173a0000] [id=1396]
  0x00000000162ac800 WatcherThread [stack: 0x00000000180a0000,0x00000000181a0000] [id=5032]

VM state:not at safepoint (normal execution)

VM Mutex/Monitor currently owned by a thread: None

heap address: 0x00000000a0000000, size: 1536 MB, Compressed Oops mode: 32-bit
Narrow klass base: 0x0000000000000000, Narrow klass shift: 3
Compressed class space size: 1073741824 Address: 0x0000000100000000

Heap:
 PSYoungGen      total 113152K, used 82651K [0x00000000e0000000, 0x00000000e9580000, 0x0000000100000000)
  eden space 105472K, 78% used [0x00000000e0000000,0x00000000e50b6f38,0x00000000e6700000)
  from space 7680K, 0% used [0x00000000e8e00000,0x00000000e8e00000,0x00000000e9580000)
  to   space 11776K, 0% used [0x00000000e7e80000,0x00000000e7e80000,0x00000000e8a00000)
 ParOldGen       total 64000K, used 15546K [0x00000000a0000000, 0x00000000a3e80000, 0x00000000e0000000)
  object space 64000K, 24% used [0x00000000a0000000,0x00000000a0f2eb68,0x00000000a3e80000)
 Metaspace       used 43052K, capacity 44284K, committed 44544K, reserved 1087488K
  class space    used 5824K, capacity 6085K, committed 6144K, reserved 1048576K

Card table byte_map: [0x0000000011ca0000,0x0000000011fb0000] byte_map_base: 0x00000000117a0000

Marking Bits: (ParMarkBitMap*) 0x00000000699b9f30
 Begin Bits: [0x00000000125b0000, 0x0000000013db0000)
 End Bits:   [0x0000000013db0000, 0x00000000155b0000)

Polling page: 0x0000000000fb0000

CodeCache: size=245760Kb used=12850Kb max_used=12859Kb free=232909Kb
 bounds [0x00000000028e0000, 0x0000000003580000, 0x00000000118e0000]
 total_blobs=4423 nmethods=3680 adapters=656
 compilation: enabled

Compilation events (10 events):
Event: 14.863 Thread 0x0000000016260800 3940       3       sun.security.util.SignatureFileVerifier::matches (93 bytes)
Event: 14.865 Thread 0x0000000016260800 nmethod 3940 0x0000000003573050 code [0x00000000035732c0, 0x00000000035743f8]
Event: 14.865 Thread 0x0000000016260800 3943       3       sun.misc.PerfCounter::getReadClassBytesTime (4 bytes)
Event: 14.865 Thread 0x0000000016260800 nmethod 3943 0x000000000356e910 code [0x000000000356ea60, 0x000000000356eb90]
Event: 14.865 Thread 0x0000000016260800 3942       3       java.security.Provider$ServiceKey::<init> (8 bytes)
Event: 14.865 Thread 0x0000000016260800 nmethod 3942 0x000000000356e550 code [0x000000000356e6c0, 0x000000000356e848]
Event: 14.865 Thread 0x0000000016260800 3941       3       java.security.Provider::checkInitialized (16 bytes)
Event: 14.865 Thread 0x0000000016260800 nmethod 3941 0x000000000356e090 code [0x000000000356e200, 0x000000000356e448]
Event: 14.871 Thread 0x0000000016260800 3945       3       java.util.jar.Manifest::read (328 bytes)
Event: 14.891 Thread 0x0000000016260800 nmethod 3945 0x0000000003574d50 code [0x00000000035750e0, 0x0000000003576b58]

GC Heap History (10 events):
Event: 8.226 GC heap before
{Heap before GC invocations=6 (full 1):
 PSYoungGen      total 71680K, used 5096K [0x00000000e0000000, 0x00000000e9a00000, 0x0000000100000000)
  eden space 66560K, 0% used [0x00000000e0000000,0x00000000e0000000,0x00000000e4100000)
  from space 5120K, 99% used [0x00000000e4100000,0x00000000e45fa0e8,0x00000000e4600000)
  to   space 12288K, 0% used [0x00000000e8e00000,0x00000000e8e00000,0x00000000e9a00000)
 ParOldGen       total 87552K, used 10946K [0x00000000a0000000, 0x00000000a5580000, 0x00000000e0000000)
  object space 87552K, 12% used [0x00000000a0000000,0x00000000a0ab0858,0x00000000a5580000)
 Metaspace       used 20705K, capacity 21160K, committed 21296K, reserved 1067008K
  class space    used 2960K, capacity 3125K, committed 3200K, reserved 1048576K
Event: 8.305 GC heap after
Heap after GC invocations=6 (full 1):
 PSYoungGen      total 71680K, used 0K [0x00000000e0000000, 0x00000000e9a00000, 0x0000000100000000)
  eden space 66560K, 0% used [0x00000000e0000000,0x00000000e0000000,0x00000000e4100000)
  from space 5120K, 0% used [0x00000000e4100000,0x00000000e4100000,0x00000000e4600000)
  to   space 12288K, 0% used [0x00000000e8e00000,0x00000000e8e00000,0x00000000e9a00000)
 ParOldGen       total 64000K, used 11370K [0x00000000a0000000, 0x00000000a3e80000, 0x00000000e0000000)
  object space 64000K, 17% used [0x00000000a0000000,0x00000000a0b1aa90,0x00000000a3e80000)
 Metaspace       used 20705K, capacity 21160K, committed 21296K, reserved 1067008K
  class space    used 2960K, capacity 3125K, committed 3200K, reserved 1048576K
}
Event: 9.503 GC heap before
{Heap before GC invocations=7 (full 1):
 PSYoungGen      total 71680K, used 66560K [0x00000000e0000000, 0x00000000e9a00000, 0x0000000100000000)
  eden space 66560K, 100% used [0x00000000e0000000,0x00000000e4100000,0x00000000e4100000)
  from space 5120K, 0% used [0x00000000e4100000,0x00000000e4100000,0x00000000e4600000)
  to   space 12288K, 0% used [0x00000000e8e00000,0x00000000e8e00000,0x00000000e9a00000)
 ParOldGen       total 64000K, used 11370K [0x00000000a0000000, 0x00000000a3e80000, 0x00000000e0000000)
  object space 64000K, 17% used [0x00000000a0000000,0x00000000a0b1aa90,0x00000000a3e80000)
 Metaspace       used 28414K, capacity 28944K, committed 29184K, reserved 1075200K
  class space    used 3904K, capacity 4095K, committed 4096K, reserved 1048576K
Event: 9.512 GC heap after
Heap after GC invocations=7 (full 1):
 PSYoungGen      total 113152K, used 7605K [0x00000000e0000000, 0x00000000e9580000, 0x0000000100000000)
  eden space 105472K, 0% used [0x00000000e0000000,0x00000000e0000000,0x00000000e6700000)
  from space 7680K, 99% used [0x00000000e8e00000,0x00000000e956d4e0,0x00000000e9580000)
  to   space 11776K, 0% used [0x00000000e7e80000,0x00000000e7e80000,0x00000000e8a00000)
 ParOldGen       total 64000K, used 11378K [0x00000000a0000000, 0x00000000a3e80000, 0x00000000e0000000)
  object space 64000K, 17% used [0x00000000a0000000,0x00000000a0b1ca90,0x00000000a3e80000)
 Metaspace       used 28414K, capacity 28944K, committed 29184K, reserved 1075200K
  class space    used 3904K, capacity 4095K, committed 4096K, reserved 1048576K
}
Event: 12.792 GC heap before
{Heap before GC invocations=8 (full 1):
 PSYoungGen      total 113152K, used 113077K [0x00000000e0000000, 0x00000000e9580000, 0x0000000100000000)
  eden space 105472K, 100% used [0x00000000e0000000,0x00000000e6700000,0x00000000e6700000)
  from space 7680K, 99% used [0x00000000e8e00000,0x00000000e956d4e0,0x00000000e9580000)
  to   space 11776K, 0% used [0x00000000e7e80000,0x00000000e7e80000,0x00000000e8a00000)
 ParOldGen       total 64000K, used 11378K [0x00000000a0000000, 0x00000000a3e80000, 0x00000000e0000000)
  object space 64000K, 17% used [0x00000000a0000000,0x00000000a0b1ca90,0x00000000a3e80000)
 Metaspace       used 34421K, capacity 35322K, committed 35456K, reserved 1079296K
  class space    used 4748K, capacity 4955K, committed 4992K, reserved 1048576K
Event: 12.824 GC heap after
Heap after GC invocations=8 (full 1):
 PSYoungGen      total 117248K, used 11747K [0x00000000e0000000, 0x00000000e9580000, 0x0000000100000000)
  eden space 105472K, 0% used [0x00000000e0000000,0x00000000e0000000,0x00000000e6700000)
  from space 11776K, 99% used [0x00000000e7e80000,0x00000000e89f8e28,0x00000000e8a00000)
  to   space 7680K, 0% used [0x00000000e8e00000,0x00000000e8e00000,0x00000000e9580000)
 ParOldGen       total 64000K, used 12421K [0x00000000a0000000, 0x00000000a3e80000, 0x00000000e0000000)
  object space 64000K, 19% used [0x00000000a0000000,0x00000000a0c21680,0x00000000a3e80000)
 Metaspace       used 34421K, capacity 35322K, committed 35456K, reserved 1079296K
  class space    used 4748K, capacity 4955K, committed 4992K, reserved 1048576K
}
Event: 12.952 GC heap before
{Heap before GC invocations=9 (full 1):
 PSYoungGen      total 117248K, used 15783K [0x00000000e0000000, 0x00000000e9580000, 0x0000000100000000)
  eden space 105472K, 3% used [0x00000000e0000000,0x00000000e03f10f8,0x00000000e6700000)
  from space 11776K, 99% used [0x00000000e7e80000,0x00000000e89f8e28,0x00000000e8a00000)
  to   space 7680K, 0% used [0x00000000e8e00000,0x00000000e8e00000,0x00000000e9580000)
 ParOldGen       total 64000K, used 12421K [0x00000000a0000000, 0x00000000a3e80000, 0x00000000e0000000)
  object space 64000K, 19% used [0x00000000a0000000,0x00000000a0c21680,0x00000000a3e80000)
 Metaspace       used 34546K, capacity 35394K, committed 35456K, reserved 1079296K
  class space    used 4754K, capacity 4955K, committed 4992K, reserved 1048576K
Event: 12.966 GC heap after
Heap after GC invocations=9 (full 1):
 PSYoungGen      total 113152K, used 7680K [0x00000000e0000000, 0x00000000e9580000, 0x0000000100000000)
  eden space 105472K, 0% used [0x00000000e0000000,0x00000000e0000000,0x00000000e6700000)
  from space 7680K, 100% used [0x00000000e8e00000,0x00000000e9580000,0x00000000e9580000)
  to   space 11776K, 0% used [0x00000000e7e80000,0x00000000e7e80000,0x00000000e8a00000)
 ParOldGen       total 64000K, used 13051K [0x00000000a0000000, 0x00000000a3e80000, 0x00000000e0000000)
  object space 64000K, 20% used [0x00000000a0000000,0x00000000a0cbec90,0x00000000a3e80000)
 Metaspace       used 34546K, capacity 35394K, committed 35456K, reserved 1079296K
  class space    used 4754K, capacity 4955K, committed 4992K, reserved 1048576K
}
Event: 12.966 GC heap before
{Heap before GC invocations=10 (full 2):
 PSYoungGen      total 113152K, used 7680K [0x00000000e0000000, 0x00000000e9580000, 0x0000000100000000)
  eden space 105472K, 0% used [0x00000000e0000000,0x00000000e0000000,0x00000000e6700000)
  from space 7680K, 100% used [0x00000000e8e00000,0x00000000e9580000,0x00000000e9580000)
  to   space 11776K, 0% used [0x00000000e7e80000,0x00000000e7e80000,0x00000000e8a00000)
 ParOldGen       total 64000K, used 13051K [0x00000000a0000000, 0x00000000a3e80000, 0x00000000e0000000)
  object space 64000K, 20% used [0x00000000a0000000,0x00000000a0cbec90,0x00000000a3e80000)
 Metaspace       used 34546K, capacity 35394K, committed 35456K, reserved 1079296K
  class space    used 4754K, capacity 4955K, committed 4992K, reserved 1048576K
Event: 13.107 GC heap after
Heap after GC invocations=10 (full 2):
 PSYoungGen      total 113152K, used 0K [0x00000000e0000000, 0x00000000e9580000, 0x0000000100000000)
  eden space 105472K, 0% used [0x00000000e0000000,0x00000000e0000000,0x00000000e6700000)
  from space 7680K, 0% used [0x00000000e8e00000,0x00000000e8e00000,0x00000000e9580000)
  to   space 11776K, 0% used [0x00000000e7e80000,0x00000000e7e80000,0x00000000e8a00000)
 ParOldGen       total 64000K, used 15546K [0x00000000a0000000, 0x00000000a3e80000, 0x00000000e0000000)
  object space 64000K, 24% used [0x00000000a0000000,0x00000000a0f2eb68,0x00000000a3e80000)
 Metaspace       used 34546K, capacity 35394K, committed 35456K, reserved 1079296K
  class space    used 4754K, capacity 4955K, committed 4992K, reserved 1048576K
}

Deoptimization events (10 events):
Event: 14.058 Thread 0x000000001984c800 Uncommon trap: reason=unstable_if action=reinterpret pc=0x0000000003237910 method=java.util.regex.Pattern.has(I)Z @ 6
Event: 14.741 Thread 0x000000001984c800 Uncommon trap: reason=unstable_if action=reinterpret pc=0x00000000031aa5a4 method=java.util.jar.JarFile.maybeInstantiateVerifier()V @ 75
Event: 14.742 Thread 0x000000001984c800 Uncommon trap: reason=unstable_if action=reinterpret pc=0x0000000002e4b04c method=java.util.jar.Attributes$Name.isDigit(C)Z @ 3
Event: 14.753 Thread 0x000000001984c800 Uncommon trap: reason=unstable_if action=reinterpret pc=0x00000000033cfcb4 method=java.lang.ThreadLocal.get()Ljava/lang/Object; @ 11
Event: 14.806 Thread 0x000000001984c800 Uncommon trap: reason=unstable_if action=reinterpret pc=0x0000000002df96fc method=java.lang.CharacterDataLatin1.isWhitespace(I)Z @ 14
Event: 14.862 Thread 0x000000001984c800 Uncommon trap: reason=unstable_if action=reinterpret pc=0x00000000032f4730 method=java.util.jar.JarFile.maybeInstantiateVerifier()V @ 4
Event: 14.864 Thread 0x000000001984c800 Uncommon trap: reason=unstable_if action=reinterpret pc=0x0000000002df9cf0 method=java.util.jar.JarFile.maybeInstantiateVerifier()V @ 4
Event: 14.866 Thread 0x000000001984c800 Uncommon trap: reason=unstable_if action=reinterpret pc=0x0000000002e84f6c method=java.security.CodeSource.getCertificates()[Ljava/security/cert/Certificate; @ 22
Event: 14.866 Thread 0x000000001984c800 Uncommon trap: reason=unstable_if action=reinterpret pc=0x000000000318b284 method=java.util.jar.JarFile.maybeInstantiateVerifier()V @ 4
Event: 14.866 Thread 0x000000001984c800 Uncommon trap: reason=unstable_if action=reinterpret pc=0x00000000033eb758 method=java.security.CodeSource.matchCerts(Ljava/security/CodeSource;Z)Z @ 11

Classes redefined (0 events):
No events

Internal exceptions (10 events):
Event: 13.645 Thread 0x000000001984c800 Exception <a 'java/lang/ClassNotFoundException': org/gradle/api/internal/AbstractTaskBeanInfo> (0x00000000e117ce38) thrown at [D:\src\AOSP-openjdk-cygwin\jdk8u\hotspot\src\share\vm\classfile\systemDictionary.cpp, line 210]
Event: 13.646 Thread 0x000000001984c800 Exception <a 'java/lang/ClassNotFoundException': org/gradle/api/internal/AbstractTaskCustomizer> (0x00000000e11abd78) thrown at [D:\src\AOSP-openjdk-cygwin\jdk8u\hotspot\src\share\vm\classfile\systemDictionary.cpp, line 210]
Event: 13.657 Thread 0x000000001984c800 Exception <a 'java/lang/ClassNotFoundException': org/gradle/api/DefaultTaskCustomizer> (0x00000000e1234810) thrown at [D:\src\AOSP-openjdk-cygwin\jdk8u\hotspot\src\share\vm\classfile\systemDictionary.cpp, line 210]
Event: 13.659 Thread 0x000000001984c800 Exception <a 'java/lang/ClassNotFoundException': org/gradle/api/internal/ConventionTaskCustomizer> (0x00000000e1272d98) thrown at [D:\src\AOSP-openjdk-cygwin\jdk8u\hotspot\src\share\vm\classfile\systemDictionary.cpp, line 210]
Event: 13.661 Thread 0x000000001984c800 Exception <a 'java/lang/ClassNotFoundException': org/gradle/api/tasks/DeleteCustomizer> (0x00000000e12ae890) thrown at [D:\src\AOSP-openjdk-cygwin\jdk8u\hotspot\src\share\vm\classfile\systemDictionary.cpp, line 210]
Event: 13.664 Thread 0x000000001984c800 Exception <a 'java/lang/ClassNotFoundException': org/gradle/api/tasks/Delete_DecoratedCustomizer> (0x00000000e12f75b0) thrown at [D:\src\AOSP-openjdk-cygwin\jdk8u\hotspot\src\share\vm\classfile\systemDictionary.cpp, line 210]
Event: 13.700 Thread 0x000000001984c800 Exception <a 'java/lang/ClassNotFoundException': build_d4r09obguigh2o3wx6dnqwqrcBeanInfo> (0x00000000e13ed1c8) thrown at [D:\src\AOSP-openjdk-cygwin\jdk8u\hotspot\src\share\vm\classfile\systemDictionary.cpp, line 210]
Event: 13.701 Thread 0x000000001984c800 Exception <a 'java/lang/ClassNotFoundException': build_d4r09obguigh2o3wx6dnqwqrcCustomizer> (0x00000000e13f8ec8) thrown at [D:\src\AOSP-openjdk-cygwin\jdk8u\hotspot\src\share\vm\classfile\systemDictionary.cpp, line 210]
Event: 14.023 Thread 0x000000001984c800 Implicit null exception at 0x00000000032cd355 to 0x00000000032cd63d
Event: 14.753 Thread 0x000000001984c800 Implicit null exception at 0x00000000033cf768 to 0x00000000033cfc9d

Events (10 events):
Event: 14.866 Thread 0x000000001984c800 DEOPT PACKING pc=0x00000000033eb758 sp=0x000000001b8b5980
Event: 14.866 Thread 0x000000001984c800 DEOPT UNPACKING pc=0x000000000292557b sp=0x000000001b8b58f0 mode 2
Event: 14.867 loading class org/bouncycastle/jce/provider/BouncyCastleProvider
Event: 14.867 loading class org/bouncycastle/jce/provider/BouncyCastleProvider done
Event: 14.891 Thread 0x0000000016260800 flushing nmethod 0x00000000029f1c10
Event: 14.891 Thread 0x0000000016260800 flushing nmethod 0x0000000002a024d0
Event: 14.891 Thread 0x0000000016260800 flushing nmethod 0x0000000002a1e0d0
Event: 14.891 Thread 0x0000000016260800 flushing nmethod 0x0000000002a2c590
Event: 14.891 Thread 0x0000000016260800 flushing nmethod 0x0000000002a34650
Event: 14.891 Thread 0x0000000016260800 flushing nmethod 0x0000000002a493d0


Dynamic libraries:
0x00007ff7c1850000 - 0x00007ff7c1881000 	C:\Program Files\Android\Android Studio\jre\bin\java.exe
0x00007ffc2ac80000 - 0x00007ffc2ae70000 	C:\WINDOWS\SYSTEM32\ntdll.dll
0x00007ffc2a410000 - 0x00007ffc2a4c2000 	C:\WINDOWS\System32\KERNEL32.DLL
0x00007ffc27c60000 - 0x00007ffc27f03000 	C:\WINDOWS\System32\KERNELBASE.dll
0x00007ffc291f0000 - 0x00007ffc29293000 	C:\WINDOWS\System32\ADVAPI32.dll
0x00007ffc2a370000 - 0x00007ffc2a40e000 	C:\WINDOWS\System32\msvcrt.dll
0x00007ffc2a610000 - 0x00007ffc2a6a7000 	C:\WINDOWS\System32\sechost.dll
0x00007ffc2ab20000 - 0x00007ffc2ac40000 	C:\WINDOWS\System32\RPCRT4.dll
0x00007ffc29350000 - 0x00007ffc294e4000 	C:\WINDOWS\System32\USER32.dll
0x00007ffc28b20000 - 0x00007ffc28b41000 	C:\WINDOWS\System32\win32u.dll
0x00007ffc2a500000 - 0x00007ffc2a526000 	C:\WINDOWS\System32\GDI32.dll
0x00007ffc28980000 - 0x00007ffc28b14000 	C:\WINDOWS\System32\gdi32full.dll
0x00007ffc28840000 - 0x00007ffc288de000 	C:\WINDOWS\System32\msvcp_win.dll
0x00007ffc27f10000 - 0x00007ffc2800a000 	C:\WINDOWS\System32\ucrtbase.dll
0x00007ffc16a90000 - 0x00007ffc16d15000 	C:\WINDOWS\WinSxS\amd64_microsoft.windows.common-controls_6595b64144ccf1df_6.0.18362.535_none_e6c3b34713100821\COMCTL32.dll
0x00007ffc2a030000 - 0x00007ffc2a366000 	C:\WINDOWS\System32\combase.dll
0x00007ffc28900000 - 0x00007ffc28980000 	C:\WINDOWS\System32\bcryptPrimitives.dll
0x00007ffc28d40000 - 0x00007ffc28d6e000 	C:\WINDOWS\System32\IMM32.DLL
0x000000006a010000 - 0x000000006a0e2000 	C:\Program Files\Android\Android Studio\jre\jre\bin\msvcr100.dll
0x00000000691f0000 - 0x0000000069a36000 	C:\Program Files\Android\Android Studio\jre\jre\bin\server\jvm.dll
0x00007ffc29cd0000 - 0x00007ffc29cd8000 	C:\WINDOWS\System32\PSAPI.DLL
0x00007ffc22fa0000 - 0x00007ffc22fa9000 	C:\WINDOWS\SYSTEM32\WSOCK32.dll
0x00007ffc25ac0000 - 0x00007ffc25ae4000 	C:\WINDOWS\SYSTEM32\WINMM.dll
0x00007ffc29180000 - 0x00007ffc291ef000 	C:\WINDOWS\System32\WS2_32.dll
0x00007ffc25db0000 - 0x00007ffc25dba000 	C:\WINDOWS\SYSTEM32\VERSION.dll
0x00007ffc25990000 - 0x00007ffc259bd000 	C:\WINDOWS\SYSTEM32\WINMMBASE.dll
0x00007ffc27c10000 - 0x00007ffc27c5a000 	C:\WINDOWS\System32\cfgmgr32.dll
0x00007ffc22d40000 - 0x00007ffc22d4f000 	C:\Program Files\Android\Android Studio\jre\jre\bin\verify.dll
0x00007ffc14c10000 - 0x00007ffc14c39000 	C:\Program Files\Android\Android Studio\jre\jre\bin\java.dll
0x00007ffc20c00000 - 0x00007ffc20c16000 	C:\Program Files\Android\Android Studio\jre\jre\bin\zip.dll
0x00007ffc294f0000 - 0x00007ffc29bd5000 	C:\WINDOWS\System32\SHELL32.dll
0x00007ffc29ce0000 - 0x00007ffc29d89000 	C:\WINDOWS\System32\shcore.dll
0x00007ffc28010000 - 0x00007ffc2878f000 	C:\WINDOWS\System32\windows.storage.dll
0x00007ffc27b80000 - 0x00007ffc27b9f000 	C:\WINDOWS\System32\profapi.dll
0x00007ffc27bc0000 - 0x00007ffc27c0a000 	C:\WINDOWS\System32\powrprof.dll
0x00007ffc27b50000 - 0x00007ffc27b60000 	C:\WINDOWS\System32\UMPDC.dll
0x00007ffc28d70000 - 0x00007ffc28dc2000 	C:\WINDOWS\System32\shlwapi.dll
0x00007ffc27b60000 - 0x00007ffc27b71000 	C:\WINDOWS\System32\kernel.appcore.dll
0x00007ffc288e0000 - 0x00007ffc288f7000 	C:\WINDOWS\System32\cryptsp.dll
0x00007ffc17b10000 - 0x00007ffc17b2a000 	C:\Program Files\Android\Android Studio\jre\jre\bin\net.dll
0x00007ffc27360000 - 0x00007ffc273c7000 	C:\WINDOWS\system32\mswsock.dll
0x00007ffc14660000 - 0x00007ffc14671000 	C:\Program Files\Android\Android Studio\jre\jre\bin\nio.dll
0x00007ffc03000000 - 0x00007ffc03026000 	C:\Users\Matthew Greenhill\.gradle\native\29\windows-amd64\native-platform.dll
0x00007ffc22ad0000 - 0x00007ffc22add000 	C:\Program Files\Android\Android Studio\jre\jre\bin\management.dll
0x00007ffc26ed0000 - 0x00007ffc26f03000 	C:\WINDOWS\system32\rsaenh.dll
0x00007ffc28d00000 - 0x00007ffc28d26000 	C:\WINDOWS\System32\bcrypt.dll
0x00007ffc27a40000 - 0x00007ffc27a65000 	C:\WINDOWS\SYSTEM32\USERENV.dll
0x00007ffc27530000 - 0x00007ffc2753c000 	C:\WINDOWS\SYSTEM32\CRYPTBASE.dll
0x00007ffc27070000 - 0x00007ffc270aa000 	C:\WINDOWS\SYSTEM32\IPHLPAPI.DLL
0x00007ffc2a4d0000 - 0x00007ffc2a4d8000 	C:\WINDOWS\System32\NSI.dll
0x00007ffc20270000 - 0x00007ffc20286000 	C:\WINDOWS\SYSTEM32\dhcpcsvc6.DLL
0x00007ffc20250000 - 0x00007ffc2026c000 	C:\WINDOWS\SYSTEM32\dhcpcsvc.DLL
0x00007ffc270b0000 - 0x00007ffc2717a000 	C:\WINDOWS\SYSTEM32\DNSAPI.dll

VM Arguments:
jvm_args: -Xmx1536m -Dfile.encoding=windows-1252 -Duser.country=US -Duser.language=en -Duser.variant 
java_command: org.gradle.launcher.daemon.bootstrap.GradleDaemon 5.4.1
java_class_path (initial): C:\Users\Matthew Greenhill\.gradle\wrapper\dists\gradle-5.4.1-all\3221gyojl5jsh0helicew7rwx\gradle-5.4.1\lib\gradle-launcher-5.4.1.jar
Launcher Type: SUN_STANDARD

Environment Variables:
PATH=C:\WINDOWS\system32;C:\WINDOWS;C:\WINDOWS\System32\Wbem;C:\WINDOWS\System32\WindowsPowerShell\v1.0\;C:\WINDOWS\System32\OpenSSH\;C:\Program Files\dotnet\;C:\Program Files\Microsoft SQL Server\Client SDK\ODBC\170\Tools\Binn\;C:\Program Files\Microsoft SQL Server\130\Tools\Binn\;C:\Users\Matthew Greenhill\AppData\Local\Microsoft\WindowsApps;
USERNAME=Matthew Greenhill
OS=Windows_NT
PROCESSOR_IDENTIFIER=Intel64 Family 6 Model 58 Stepping 9, GenuineIntel



---------------  S Y S T E M  ---------------

OS: Windows 10.0 , 64 bit Build 18362 (10.0.18362.329)

CPU:total 4 (initial active 4) (2 cores per cpu, 2 threads per core) family 6 model 58 stepping 9, cmov, cx8, fxsr, mmx, sse, sse2, sse3, ssse3, sse4.1, sse4.2, popcnt, avx, clmul, erms, ht, tsc, tscinvbit, tscinv

Memory: 4k page, physical 8259336k(1837872k free), swap 33425160k(5592k free)

vm_info: OpenJDK 64-Bit Server VM (25.202-b03) for windows-amd64 JRE (1.8.0_202-release-1483-b03), built by "builder" with MS VC++ 10.0 (VS2010)

time: Thu Dec 19 10:39:55 2019
timezone: Eastern Standard Time
elapsed time: 14 seconds (0d 0h 0m 14s)

